22-04-2023 12:15:59	This log contains information about the import schema operation into project 'demo-db' on computer 'LAPTOP-CQV9LII1' by user 'PRASAD'.
22-04-2023 12:15:59	Import of database schema has started.
22-04-2023 12:16:03	Gathering database credentials
22-04-2023 12:16:03	Gathering database options
22-04-2023 12:16:03	Gathering generic database scoped configuration option
22-04-2023 12:16:03	Gathering users
22-04-2023 12:16:03	Gathering roles
22-04-2023 12:16:03	Gathering application roles
22-04-2023 12:16:03	Gathering role memberships
22-04-2023 12:16:03	Gathering filegroups
22-04-2023 12:16:03	Gathering full-text catalogs
22-04-2023 12:16:03	Gathering assemblies
22-04-2023 12:16:03	Gathering certificates
22-04-2023 12:16:03	Gathering asymmetric keys
22-04-2023 12:16:03	Gathering symmetric keys
22-04-2023 12:16:03	Gathering encrypted symmetric keys
22-04-2023 12:16:03	Gathering schemas
22-04-2023 12:16:03	Gathering XML schema collections
22-04-2023 12:16:03	Gathering user-defined data types
22-04-2023 12:16:03	Gathering user-defined types
22-04-2023 12:16:04	Gathering table types
22-04-2023 12:16:04	Gathering unique keys for table types
22-04-2023 12:16:04	Gathering primary keys for table types
22-04-2023 12:16:04	Gathering indexes for table types
22-04-2023 12:16:04	Gathering check constraints for table types
22-04-2023 12:16:04	Gathering default constraints for table types
22-04-2023 12:16:04	Gathering partition functions
22-04-2023 12:16:04	Gathering partition schemes
22-04-2023 12:16:04	Gathering functions
22-04-2023 12:16:04	Gathering encrypted functions
22-04-2023 12:16:04	Gathering aggregates
22-04-2023 12:16:04	Gathering procedures
22-04-2023 12:16:04	Gathering encrypted procedures
22-04-2023 12:16:04	Gathering tables
22-04-2023 12:16:04	Gathering primary keys
22-04-2023 12:16:04	Gathering unique constraints
22-04-2023 12:16:04	Gathering foreign keys
22-04-2023 12:16:04	Gathering default constraints
22-04-2023 12:16:04	Gathering check constraints
22-04-2023 12:16:04	Gathering views
22-04-2023 12:16:04	Gathering encrypted views
22-04-2023 12:16:04	Gathering indexes
22-04-2023 12:16:04	Gathering statistics
22-04-2023 12:16:04	Gathering full-text index stoplists
22-04-2023 12:16:04	Gathering search property lists
22-04-2023 12:16:04	Gathering search properties
22-04-2023 12:16:04	Gathering full-text indexes
22-04-2023 12:16:04	Gathering column store indexes
22-04-2023 12:16:04	Gathering spatial indexes
22-04-2023 12:16:04	Gathering XML indexes
22-04-2023 12:16:04	Gathering Selective XML indexes
22-04-2023 12:16:04	Gathering encrypted triggers
22-04-2023 12:16:04	Gathering triggers
22-04-2023 12:16:04	Gathering encrypted and clr ddl triggers
22-04-2023 12:16:04	Gathering ddl triggers
22-04-2023 12:16:04	Creating edge constraints
22-04-2023 12:16:04	Gathering synonyms
22-04-2023 12:16:04	Gathering defaults
22-04-2023 12:16:04	Gathering data constraint uddt bindings
22-04-2023 12:16:04	Gathering rules
22-04-2023 12:16:04	Gathering data constraint uddt bindings
22-04-2023 12:16:04	Gathering message types
22-04-2023 12:16:04	Gathering queues
22-04-2023 12:16:04	Gathering contracts
22-04-2023 12:16:04	Gathering services
22-04-2023 12:16:04	Gathering event notifications
22-04-2023 12:16:04	Gathering remote service bindings
22-04-2023 12:16:04	Gathering broker priorities
22-04-2023 12:16:04	Gathering signatures
22-04-2023 12:16:04	Gathering compression options
22-04-2023 12:16:04	Gathering sequence types
22-04-2023 12:16:04	Gathering security policies
22-04-2023 12:16:04	Gather column encryption keys
22-04-2023 12:16:04	Gathering column master keys
22-04-2023 12:16:04	Gathering external data sources
22-04-2023 12:16:04	Gathering external file formats
22-04-2023 12:16:04	Gathering external tables
22-04-2023 12:16:04	Gathering extended properties
22-04-2023 12:16:04	Gathering assemblies
22-04-2023 12:16:04	Gathering credentials
22-04-2023 12:16:04	Gathering logins
22-04-2023 12:16:04	Gathering server audits
22-04-2023 12:16:04	Scanning project for duplicate elements
22-04-2023 12:16:04	Finished duplicate element processing
22-04-2023 12:16:04	Finished importing database.
22-04-2023 12:16:04	A summary of the import was saved to the following location: C:\Users\PRASAD\source\repos\demo-db\demo-db\Import Schema Logs\demo-db_20230422064559.log
22-04-2023 12:16:04	Click Finish to continue...
